14:15:01 **** Auto Build of configuration Debug for project ttt ****
make all 
'Building target: ttt.elf'
'Invoking: ARM gcc linker'
arm-xilinx-eabi-gcc -Wl,-T -Wl,../src/lscript.ld -L../../ttt_bsp/ps7_cortexa9_0/lib -o "ttt.elf"  ./src/port/guest_os_fctns.o ./src/port/guest_os_start.o ./src/port/guest_os_start_pre.o ./src/port/performance.o ./src/port/syscall.o ./src/port/syscall_list.o  ./src/app.o   -Wl,--start-group,-lucos,-lgcc,-lc,--end-group -Wl,--start-group,-lxil,-lucos,-lgcc,-lc,--end-group
../../ttt_bsp/ps7_cortexa9_0/lib\libucos.a(os_cpu_c.o): In function `OSTaskCreateHook':
D:\Xilinx_Vivado\ucos-ii_test\ucos-ii_test.sdk\test_bsp\ps7_cortexa9_0\libsrc\ucos_osii_v1_41\src/uCOS-II/Ports/ARM-Cortex-A/Generic/GNU/os_cpu_c.c:156: undefined reference to `App_TaskCreateHook'
../../ttt_bsp/ps7_cortexa9_0/lib\libucos.a(os_cpu_c.o): In function `OSTaskDelHook':
D:\Xilinx_Vivado\ucos-ii_test\ucos-ii_test.sdk\test_bsp\ps7_cortexa9_0\libsrc\ucos_osii_v1_41\src/uCOS-II/Ports/ARM-Cortex-A/Generic/GNU/os_cpu_c.c:181: undefined reference to `App_TaskDelHook'
../../ttt_bsp/ps7_cortexa9_0/lib\libucos.a(os_cpu_c.o): In function `OSTaskIdleHook':
D:\Xilinx_Vivado\ucos-ii_test\ucos-ii_test.sdk\test_bsp\ps7_cortexa9_0\libsrc\ucos_osii_v1_41\src/uCOS-II/Ports/ARM-Cortex-A/Generic/GNU/os_cpu_c.c:206: undefined reference to `App_TaskIdleHook'
../../ttt_bsp/ps7_cortexa9_0/lib\libucos.a(os_cpu_c.o): In function `OSTaskReturnHook':
D:\Xilinx_Vivado\ucos-ii_test\ucos-ii_test.sdk\test_bsp\ps7_cortexa9_0\libsrc\ucos_osii_v1_41\src/uCOS-II/Ports/ARM-Cortex-A/Generic/GNU/os_cpu_c.c:229: undefined reference to `App_TaskReturnHook'
../../ttt_bsp/ps7_cortexa9_0/lib\libucos.a(os_cpu_c.o): In function `OSTaskStatHook':
D:\Xilinx_Vivado\ucos-ii_test\ucos-ii_test.sdk\test_bsp\ps7_cortexa9_0\libsrc\ucos_osii_v1_41\src/uCOS-II/Ports/ARM-Cortex-A/Generic/GNU/os_cpu_c.c:252: undefined reference to `App_TaskStatHook'
../../ttt_bsp/ps7_cortexa9_0/lib\libucos.a(os_cpu_c.o): In function `OSTaskSwHook':
D:\Xilinx_Vivado\ucos-ii_test\ucos-ii_test.sdk\test_bsp\ps7_cortexa9_0\libsrc\ucos_osii_v1_41\src/uCOS-II/Ports/ARM-Cortex-A/Generic/GNU/os_cpu_c.c:495: undefined reference to `App_TaskSwHook'
../../ttt_bsp/ps7_cortexa9_0/lib\libucos.a(os_cpu_c.o): In function `OSTCBInitHook':
D:\Xilinx_Vivado\ucos-ii_test\ucos-ii_test.sdk\test_bsp\ps7_cortexa9_0\libsrc\ucos_osii_v1_41\src/uCOS-II/Ports/ARM-Cortex-A/Generic/GNU/os_cpu_c.c:522: undefined reference to `App_TCBInitHook'
../../ttt_bsp/ps7_cortexa9_0/lib\libucos.a(os_cpu_c.o): In function `OSTimeTickHook':
D:\Xilinx_Vivado\ucos-ii_test\ucos-ii_test.sdk\test_bsp\ps7_cortexa9_0\libsrc\ucos_osii_v1_41\src/uCOS-II/Ports/ARM-Cortex-A/Generic/GNU/os_cpu_c.c:545: undefined reference to `App_TimeTickHook'
../../ttt_bsp/ps7_cortexa9_0/lib\libucos.a(ucos_int_impl.o): In function `UCOS_IntHandler':
D:\Xilinx_Vivado\ucos-ii_test\ucos-ii_test.sdk\test_bsp\ps7_cortexa9_0\libsrc\ucos_v1_41\src/ps7/ucos_int_impl.c:407: undefined reference to `CPU_MB'
../../ttt_bsp/ps7_cortexa9_0/lib\libucos.a(ucos_int_impl.o): In function `OS_CPU_ExceptHndlr':
D:\Xilinx_Vivado\ucos-ii_test\ucos-ii_test.sdk\test_bsp\ps7_cortexa9_0\libsrc\ucos_v1_41\src/ps7/ucos_int_impl.c:453: undefined reference to `CPU_WaitForEvent'
../../ttt_bsp/ps7_cortexa9_0/lib\libucos.a(ucos_scugic.o): In function `SCUGIC_PrioMaskSet':
D:\Xilinx_Vivado\ucos-ii_test\ucos-ii_test.sdk\test_bsp\ps7_cortexa9_0\libsrc\ucos_scugic_v1_41\src/ucos_scugic.c:77: undefined reference to `CPU_MB'
D:\Xilinx_Vivado\ucos-ii_test\ucos-ii_test.sdk\test_bsp\ps7_cortexa9_0\libsrc\ucos_scugic_v1_41\src/ucos_scugic.c:79: undefined reference to `CPU_MB'
../../ttt_bsp/ps7_cortexa9_0/lib\libucos.a(ucos_scugic.o): In function `SCUGIC_SGITrig':
D:\Xilinx_Vivado\ucos-ii_test\ucos-ii_test.sdk\test_bsp\ps7_cortexa9_0\libsrc\ucos_scugic_v1_41\src/ucos_scugic.c:242: undefined reference to `CPU_MB'
D:\Xilinx_Vivado\ucos-ii_test\ucos-ii_test.sdk\test_bsp\ps7_cortexa9_0\libsrc\ucos_scugic_v1_41\src/ucos_scugic.c:244: undefined reference to `CPU_MB'
collect2.exe: error: ld returned 1 exit status
make: *** [ttt.elf] Erreur 1

14:15:01 Build Finished (took 421ms)

