# JRE version: Java(TM) SE Runtime Environment (8.0_112-b15) (build 1.8.0_112-b15)
# Java VM: Java HotSpot(TM) 64-Bit Server VM (25.112-b15 mixed mode windows-amd64 compressed oops)
Heap:
 PSYoungGen      total 50176K, used 17988K [0x00000007bc400000, 0x00000007c0000000, 0x00000007c0000000)
  eden space 39424K, 35% used [0x00000007bc400000,0x00000007bd181030,0x00000007bea80000)
  from space 10752K, 38% used [0x00000007bea80000,0x00000007bee90000,0x00000007bf500000)
  to   space 10240K, 0% used [0x00000007bf600000,0x00000007bf600000,0x00000007c0000000)
 ParOldGen       total 142848K, used 115448K [0x0000000700000000, 0x0000000708b80000, 0x00000007bc400000)
  object space 142848K, 80% used [0x0000000700000000,0x00000007070be040,0x0000000708b80000)
 Metaspace       used 87379K, capacity 88217K, committed 88832K, reserved 1124352K
  class space    used 12876K, capacity 13034K, committed 13056K, reserved 1048576K
GC Heap History (10 events):
Event: 2396.676 GC heap before
{Heap before GC invocations=397 (full 43):
 PSYoungGen      total 49664K, used 24500K [0x00000007bc400000, 0x00000007c0000000, 0x00000007c0000000)
  eden space 37888K, 60% used [0x00000007bc400000,0x00000007bda3cf30,0x00000007be900000)
  from space 11776K, 14% used [0x00000007be900000,0x00000007beab0388,0x00000007bf480000)
  to   space 11776K, 0% used [0x00000007bf480000,0x00000007bf480000,0x00000007c0000000)
 ParOldGen       total 142848K, used 120840K [0x0000000700000000, 0x0000000708b80000, 0x00000007bc400000)
  object space 142848K, 84% used [0x0000000700000000,0x00000007076020a8,0x0000000708b80000)
 Metaspace       used 87344K, capacity 88153K, committed 88832K, reserved 1124352K
  class space    used 12875K, capacity 13034K, committed 13056K, reserved 1048576K
Event: 2396.681 GC heap after
Heap after GC invocations=397 (full 43):
 PSYoungGen      total 50176K, used 1952K [0x00000007bc400000, 0x00000007c0000000, 0x00000007c0000000)
  eden space 38400K, 0% used [0x00000007bc400000,0x00000007bc400000,0x00000007be980000)
  from space 11776K, 16% used [0x00000007bf480000,0x00000007bf668388,0x00000007c0000000)
  to   space 11264K, 0% used [0x00000007be980000,0x00000007be980000,0x00000007bf480000)
 ParOldGen       total 142848K, used 120840K [0x0000000700000000, 0x0000000708b80000, 0x00000007bc400000)
  object space 142848K, 84% used [0x0000000700000000,0x00000007076020a8,0x0000000708b80000)
 Metaspace       used 87344K, capacity 88153K, committed 88832K, reserved 1124352K
  class space    used 12875K, capacity 13034K, committed 13056K, reserved 1048576K
}
Event: 2396.681 GC heap before
{Heap before GC invocations=398 (full 44):
 PSYoungGen      total 50176K, used 1952K [0x00000007bc400000, 0x00000007c0000000, 0x00000007c0000000)
  eden space 38400K, 0% used [0x00000007bc400000,0x00000007bc400000,0x00000007be980000)
  from space 11776K, 16% used [0x00000007bf480000,0x00000007bf668388,0x00000007c0000000)
  to   space 11264K, 0% used [0x00000007be980000,0x00000007be980000,0x00000007bf480000)
 ParOldGen       total 142848K, used 120840K [0x0000000700000000, 0x0000000708b80000, 0x00000007bc400000)
  object space 142848K, 84% used [0x0000000700000000,0x00000007076020a8,0x0000000708b80000)
 Metaspace       used 87344K, capacity 88153K, committed 88832K, reserved 1124352K
  class space    used 12875K, capacity 13034K, committed 13056K, reserved 1048576K
Event: 2397.019 GC heap after
Heap after GC invocations=398 (full 44):
 PSYoungGen      total 50176K, used 0K [0x00000007bc400000, 0x00000007c0000000, 0x00000007c0000000)
  eden space 38400K, 0% used [0x00000007bc400000,0x00000007bc400000,0x00000007be980000)
  from space 11776K, 0% used [0x00000007bf480000,0x00000007bf480000,0x00000007c0000000)
  to   space 11264K, 0% used [0x00000007be980000,0x00000007be980000,0x00000007bf480000)
 ParOldGen       total 142848K, used 115448K [0x0000000700000000, 0x0000000708b80000, 0x00000007bc400000)
  object space 142848K, 80% used [0x0000000700000000,0x00000007070be040,0x0000000708b80000)
 Metaspace       used 87344K, capacity 88153K, committed 88832K, reserved 1124352K
  class space    used 12875K, capacity 13034K, committed 13056K, reserved 1048576K
}
Event: 2403.036 GC heap before
{Heap before GC invocations=399 (full 44):
 PSYoungGen      total 50176K, used 38400K [0x00000007bc400000, 0x00000007c0000000, 0x00000007c0000000)
  eden space 38400K, 100% used [0x00000007bc400000,0x00000007be980000,0x00000007be980000)
  from space 11776K, 0% used [0x00000007bf480000,0x00000007bf480000,0x00000007c0000000)
  to   space 11264K, 0% used [0x00000007be980000,0x00000007be980000,0x00000007bf480000)
 ParOldGen       total 142848K, used 115448K [0x0000000700000000, 0x0000000708b80000, 0x00000007bc400000)
  object space 142848K, 80% used [0x0000000700000000,0x00000007070be040,0x0000000708b80000)
 Metaspace       used 87364K, capacity 88217K, committed 88832K, reserved 1124352K
  class space    used 12875K, capacity 13034K, committed 13056K, reserved 1048576K
Event: 2403.050 GC heap after
Heap after GC invocations=399 (full 44):
 PSYoungGen      total 49664K, used 2240K [0x00000007bc400000, 0x00000007c0000000, 0x00000007c0000000)
  eden space 38400K, 0% used [0x00000007bc400000,0x00000007bc400000,0x00000007be980000)
  from space 11264K, 19% used [0x00000007be980000,0x00000007bebb0000,0x00000007bf480000)
  to   space 11264K, 0% used [0x00000007bf500000,0x00000007bf500000,0x00000007c0000000)
 ParOldGen       total 142848K, used 115448K [0x0000000700000000, 0x0000000708b80000, 0x00000007bc400000)
  object space 142848K, 80% used [0x0000000700000000,0x00000007070be040,0x0000000708b80000)
 Metaspace       used 87364K, capacity 88217K, committed 88832K, reserved 1124352K
  class space    used 12875K, capacity 13034K, committed 13056K, reserved 1048576K
}
Event: 2403.687 GC heap before
{Heap before GC invocations=400 (full 44):
 PSYoungGen      total 49664K, used 40640K [0x00000007bc400000, 0x00000007c0000000, 0x00000007c0000000)
  eden space 38400K, 100% used [0x00000007bc400000,0x00000007be980000,0x00000007be980000)
  from space 11264K, 19% used [0x00000007be980000,0x00000007bebb0000,0x00000007bf480000)
  to   space 11264K, 0% used [0x00000007bf500000,0x00000007bf500000,0x00000007c0000000)
 ParOldGen       total 142848K, used 115448K [0x0000000700000000, 0x0000000708b80000, 0x00000007bc400000)
  object space 142848K, 80% used [0x0000000700000000,0x00000007070be040,0x0000000708b80000)
 Metaspace       used 87377K, capacity 88217K, committed 88832K, reserved 1124352K
  class space    used 12876K, capacity 13034K, committed 13056K, reserved 1048576K
Event: 2403.694 GC heap after
Heap after GC invocations=400 (full 44):
 PSYoungGen      total 50688K, used 3136K [0x00000007bc400000, 0x00000007c0000000, 0x00000007c0000000)
  eden space 39424K, 0% used [0x00000007bc400000,0x00000007bc400000,0x00000007bea80000)
  from space 11264K, 27% used [0x00000007bf500000,0x00000007bf810000,0x00000007c0000000)
  to   space 10752K, 0% used [0x00000007bea80000,0x00000007bea80000,0x00000007bf500000)
 ParOldGen       total 142848K, used 115448K [0x0000000700000000, 0x0000000708b80000, 0x00000007bc400000)
  object space 142848K, 80% used [0x0000000700000000,0x00000007070be040,0x0000000708b80000)
 Metaspace       used 87377K, capacity 88217K, committed 88832K, reserved 1124352K
  class space    used 12876K, capacity 13034K, committed 13056K, reserved 1048576K
}
Event: 2404.296 GC heap before
{Heap before GC invocations=401 (full 44):
 PSYoungGen      total 50688K, used 42560K [0x00000007bc400000, 0x00000007c0000000, 0x00000007c0000000)
  eden space 39424K, 100% used [0x00000007bc400000,0x00000007bea80000,0x00000007bea80000)
  from space 11264K, 27% used [0x00000007bf500000,0x00000007bf810000,0x00000007c0000000)
  to   space 10752K, 0% used [0x00000007bea80000,0x00000007bea80000,0x00000007bf500000)
 ParOldGen       total 142848K, used 115448K [0x0000000700000000, 0x0000000708b80000, 0x00000007bc400000)
  object space 142848K, 80% used [0x0000000700000000,0x00000007070be040,0x0000000708b80000)
 Metaspace       used 87379K, capacity 88217K, committed 88832K, reserved 1124352K
  class space    used 12876K, capacity 13034K, committed 13056K, reserved 1048576K
Event: 2404.306 GC heap after
Heap after GC invocations=401 (full 44):
 PSYoungGen      total 50176K, used 4160K [0x00000007bc400000, 0x00000007c0000000, 0x00000007c0000000)
  eden space 39424K, 0% used [0x00000007bc400000,0x00000007bc400000,0x00000007bea80000)
  from space 10752K, 38% used [0x00000007bea80000,0x00000007bee90000,0x00000007bf500000)
  to   space 10240K, 0% used [0x00000007bf600000,0x00000007bf600000,0x00000007c0000000)
 ParOldGen       total 142848K, used 115448K [0x0000000700000000, 0x0000000708b80000, 0x00000007bc400000)
  object space 142848K, 80% used [0x0000000700000000,0x00000007070be040,0x0000000708b80000)
 Metaspace       used 87379K, capacity 88217K, committed 88832K, reserved 1124352K
  class space    used 12876K, capacity 13034K, committed 13056K, reserved 1048576K
}

